28-May-2021 16:00:18.535 INFO [main] org.apache.catalina.startup.VersionLoggerListener.log Server version name:   Apache Tomcat/10.0.6
28-May-2021 16:00:18.549 INFO [main] org.apache.catalina.startup.VersionLoggerListener.log Server built:          May 8 2021 15:24:15 UTC
28-May-2021 16:00:18.561 INFO [main] org.apache.catalina.startup.VersionLoggerListener.log Server version number: 10.0.6.0
28-May-2021 16:00:18.561 INFO [main] org.apache.catalina.startup.VersionLoggerListener.log OS Name:               Windows 10
28-May-2021 16:00:18.562 INFO [main] org.apache.catalina.startup.VersionLoggerListener.log OS Version:            10.0
28-May-2021 16:00:18.562 INFO [main] org.apache.catalina.startup.VersionLoggerListener.log Architecture:          amd64
28-May-2021 16:00:18.563 INFO [main] org.apache.catalina.startup.VersionLoggerListener.log Java Home:             C:\Program Files\Java\jdk-16
28-May-2021 16:00:18.567 INFO [main] org.apache.catalina.startup.VersionLoggerListener.log JVM Version:           16+36-2231
28-May-2021 16:00:18.580 INFO [main] org.apache.catalina.startup.VersionLoggerListener.log JVM Vendor:            Oracle Corporation
28-May-2021 16:00:18.581 INFO [main] org.apache.catalina.startup.VersionLoggerListener.log CATALINA_BASE:         E:\GIC I4 s2\Software_Engineering\midterm\apache-tomcat-10.0.6
28-May-2021 16:00:18.581 INFO [main] org.apache.catalina.startup.VersionLoggerListener.log CATALINA_HOME:         E:\GIC I4 s2\Software_Engineering\midterm\apache-tomcat-10.0.6
28-May-2021 16:00:18.582 INFO [main] org.apache.catalina.startup.VersionLoggerListener.log Command line argument: --add-opens=java.base/java.lang=ALL-UNNAMED
28-May-2021 16:00:18.582 INFO [main] org.apache.catalina.startup.VersionLoggerListener.log Command line argument: --add-opens=java.base/java.io=ALL-UNNAMED
28-May-2021 16:00:18.584 INFO [main] org.apache.catalina.startup.VersionLoggerListener.log Command line argument: --add-opens=java.base/java.util=ALL-UNNAMED
28-May-2021 16:00:18.585 INFO [main] org.apache.catalina.startup.VersionLoggerListener.log Command line argument: --add-opens=java.base/java.util.concurrent=ALL-UNNAMED
28-May-2021 16:00:18.586 INFO [main] org.apache.catalina.startup.VersionLoggerListener.log Command line argument: --add-opens=java.rmi/sun.rmi.transport=ALL-UNNAMED
28-May-2021 16:00:18.586 INFO [main] org.apache.catalina.startup.VersionLoggerListener.log Command line argument: -Djava.util.logging.config.file=E:\GIC I4 s2\Software_Engineering\midterm\apache-tomcat-10.0.6\conf\logging.properties
28-May-2021 16:00:18.587 INFO [main] org.apache.catalina.startup.VersionLoggerListener.log Command line argument: -Djava.util.logging.manager=org.apache.juli.ClassLoaderLogManager
28-May-2021 16:00:18.588 INFO [main] org.apache.catalina.startup.VersionLoggerListener.log Command line argument: -Djdk.tls.ephemeralDHKeySize=2048
28-May-2021 16:00:18.589 INFO [main] org.apache.catalina.startup.VersionLoggerListener.log Command line argument: -Djava.protocol.handler.pkgs=org.apache.catalina.webresources
28-May-2021 16:00:18.590 INFO [main] org.apache.catalina.startup.VersionLoggerListener.log Command line argument: -Dignore.endorsed.dirs=
28-May-2021 16:00:18.591 INFO [main] org.apache.catalina.startup.VersionLoggerListener.log Command line argument: -Dcatalina.base=E:\GIC I4 s2\Software_Engineering\midterm\apache-tomcat-10.0.6
28-May-2021 16:00:18.597 INFO [main] org.apache.catalina.startup.VersionLoggerListener.log Command line argument: -Dcatalina.home=E:\GIC I4 s2\Software_Engineering\midterm\apache-tomcat-10.0.6
28-May-2021 16:00:18.598 INFO [main] org.apache.catalina.startup.VersionLoggerListener.log Command line argument: -Djava.io.tmpdir=E:\GIC I4 s2\Software_Engineering\midterm\apache-tomcat-10.0.6\temp
28-May-2021 16:00:18.609 INFO [main] org.apache.catalina.core.AprLifecycleListener.lifecycleEvent Loaded Apache Tomcat Native library [1.2.28] using APR version [1.7.0].
28-May-2021 16:00:18.609 INFO [main] org.apache.catalina.core.AprLifecycleListener.lifecycleEvent APR capabilities: IPv6 [true], sendfile [true], accept filters [false], random [true], UDS [true].
28-May-2021 16:00:18.636 INFO [main] org.apache.catalina.core.AprLifecycleListener.initializeSSL OpenSSL successfully initialized [OpenSSL 1.1.1k  25 Mar 2021]
28-May-2021 16:00:19.244 INFO [main] org.apache.coyote.AbstractProtocol.init Initializing ProtocolHandler ["http-nio-8080"]
28-May-2021 16:00:19.300 INFO [main] org.apache.catalina.startup.Catalina.load Server initialization in [1119] milliseconds
28-May-2021 16:00:19.383 INFO [main] org.apache.catalina.core.StandardService.startInternal Starting service [Catalina]
28-May-2021 16:00:19.386 INFO [main] org.apache.catalina.core.StandardEngine.startInternal Starting Servlet engine: [Apache Tomcat/10.0.6]
28-May-2021 16:00:19.404 INFO [main] org.apache.catalina.startup.HostConfig.deployDirectory Deploying web application directory [E:\GIC I4 s2\Software_Engineering\midterm\apache-tomcat-10.0.6\webapps\docs]
28-May-2021 16:00:20.022 INFO [main] org.apache.catalina.startup.HostConfig.deployDirectory Deployment of web application directory [E:\GIC I4 s2\Software_Engineering\midterm\apache-tomcat-10.0.6\webapps\docs] has finished in [618] ms
28-May-2021 16:00:20.026 INFO [main] org.apache.catalina.startup.HostConfig.deployDirectory Deploying web application directory [E:\GIC I4 s2\Software_Engineering\midterm\apache-tomcat-10.0.6\webapps\examples]
28-May-2021 16:00:20.795 INFO [main] org.apache.catalina.startup.HostConfig.deployDirectory Deployment of web application directory [E:\GIC I4 s2\Software_Engineering\midterm\apache-tomcat-10.0.6\webapps\examples] has finished in [769] ms
28-May-2021 16:00:20.796 INFO [main] org.apache.catalina.startup.HostConfig.deployDirectory Deploying web application directory [E:\GIC I4 s2\Software_Engineering\midterm\apache-tomcat-10.0.6\webapps\host-manager]
28-May-2021 16:00:20.879 INFO [main] org.apache.catalina.startup.HostConfig.deployDirectory Deployment of web application directory [E:\GIC I4 s2\Software_Engineering\midterm\apache-tomcat-10.0.6\webapps\host-manager] has finished in [82] ms
28-May-2021 16:00:20.880 INFO [main] org.apache.catalina.startup.HostConfig.deployDirectory Deploying web application directory [E:\GIC I4 s2\Software_Engineering\midterm\apache-tomcat-10.0.6\webapps\manager]
28-May-2021 16:00:20.956 INFO [main] org.apache.catalina.startup.HostConfig.deployDirectory Deployment of web application directory [E:\GIC I4 s2\Software_Engineering\midterm\apache-tomcat-10.0.6\webapps\manager] has finished in [77] ms
28-May-2021 16:00:20.957 INFO [main] org.apache.catalina.startup.HostConfig.deployDirectory Deploying web application directory [E:\GIC I4 s2\Software_Engineering\midterm\apache-tomcat-10.0.6\webapps\ROOT]
28-May-2021 16:00:21.034 INFO [main] org.apache.catalina.startup.HostConfig.deployDirectory Deployment of web application directory [E:\GIC I4 s2\Software_Engineering\midterm\apache-tomcat-10.0.6\webapps\ROOT] has finished in [77] ms
28-May-2021 16:00:21.042 INFO [main] org.apache.coyote.AbstractProtocol.start Starting ProtocolHandler ["http-nio-8080"]
28-May-2021 16:00:21.195 INFO [main] org.apache.catalina.startup.Catalina.start Server startup in [1894] milliseconds
28-May-2021 16:02:42.814 INFO [Catalina-utility-2] org.apache.catalina.startup.HostConfig.deployDirectory Deploying web application directory [E:\GIC I4 s2\Software_Engineering\midterm\apache-tomcat-10.0.6\webapps\New folder]
28-May-2021 16:02:42.971 INFO [Catalina-utility-2] org.apache.catalina.startup.HostConfig.deployDirectory Deployment of web application directory [E:\GIC I4 s2\Software_Engineering\midterm\apache-tomcat-10.0.6\webapps\New folder] has finished in [157] ms
28-May-2021 16:02:53.497 INFO [Catalina-utility-2] org.apache.catalina.startup.HostConfig.undeploy Undeploying context [/New folder]
28-May-2021 16:02:53.566 INFO [Catalina-utility-2] org.apache.catalina.startup.HostConfig.deployDirectory Deploying web application directory [E:\GIC I4 s2\Software_Engineering\midterm\apache-tomcat-10.0.6\webapps\web]
28-May-2021 16:02:53.625 INFO [Catalina-utility-2] org.apache.catalina.startup.HostConfig.deployDirectory Deployment of web application directory [E:\GIC I4 s2\Software_Engineering\midterm\apache-tomcat-10.0.6\webapps\web] has finished in [57] ms
28-May-2021 16:03:11.938 INFO [main] org.apache.catalina.startup.VersionLoggerListener.log Server version name:   Apache Tomcat/10.0.6
28-May-2021 16:03:11.950 INFO [main] org.apache.catalina.startup.VersionLoggerListener.log Server built:          May 8 2021 15:24:15 UTC
28-May-2021 16:03:11.953 INFO [main] org.apache.catalina.startup.VersionLoggerListener.log Server version number: 10.0.6.0
28-May-2021 16:03:11.954 INFO [main] org.apache.catalina.startup.VersionLoggerListener.log OS Name:               Windows 10
28-May-2021 16:03:11.955 INFO [main] org.apache.catalina.startup.VersionLoggerListener.log OS Version:            10.0
28-May-2021 16:03:11.956 INFO [main] org.apache.catalina.startup.VersionLoggerListener.log Architecture:          amd64
28-May-2021 16:03:11.961 INFO [main] org.apache.catalina.startup.VersionLoggerListener.log Java Home:             C:\Program Files\Java\jdk-16
28-May-2021 16:03:11.961 INFO [main] org.apache.catalina.startup.VersionLoggerListener.log JVM Version:           16+36-2231
28-May-2021 16:03:11.962 INFO [main] org.apache.catalina.startup.VersionLoggerListener.log JVM Vendor:            Oracle Corporation
28-May-2021 16:03:11.962 INFO [main] org.apache.catalina.startup.VersionLoggerListener.log CATALINA_BASE:         E:\GIC I4 s2\Software_Engineering\midterm\apache-tomcat-10.0.6
28-May-2021 16:03:11.963 INFO [main] org.apache.catalina.startup.VersionLoggerListener.log CATALINA_HOME:         E:\GIC I4 s2\Software_Engineering\midterm\apache-tomcat-10.0.6
28-May-2021 16:03:11.994 INFO [main] org.apache.catalina.startup.VersionLoggerListener.log Command line argument: --add-opens=java.base/java.lang=ALL-UNNAMED
28-May-2021 16:03:11.995 INFO [main] org.apache.catalina.startup.VersionLoggerListener.log Command line argument: --add-opens=java.base/java.io=ALL-UNNAMED
28-May-2021 16:03:11.995 INFO [main] org.apache.catalina.startup.VersionLoggerListener.log Command line argument: --add-opens=java.base/java.util=ALL-UNNAMED
28-May-2021 16:03:11.996 INFO [main] org.apache.catalina.startup.VersionLoggerListener.log Command line argument: --add-opens=java.base/java.util.concurrent=ALL-UNNAMED
28-May-2021 16:03:11.996 INFO [main] org.apache.catalina.startup.VersionLoggerListener.log Command line argument: --add-opens=java.rmi/sun.rmi.transport=ALL-UNNAMED
28-May-2021 16:03:11.997 INFO [main] org.apache.catalina.startup.VersionLoggerListener.log Command line argument: -Djava.util.logging.config.file=E:\GIC I4 s2\Software_Engineering\midterm\apache-tomcat-10.0.6\conf\logging.properties
28-May-2021 16:03:11.998 INFO [main] org.apache.catalina.startup.VersionLoggerListener.log Command line argument: -Djava.util.logging.manager=org.apache.juli.ClassLoaderLogManager
28-May-2021 16:03:11.999 INFO [main] org.apache.catalina.startup.VersionLoggerListener.log Command line argument: -Djdk.tls.ephemeralDHKeySize=2048
28-May-2021 16:03:12.000 INFO [main] org.apache.catalina.startup.VersionLoggerListener.log Command line argument: -Djava.protocol.handler.pkgs=org.apache.catalina.webresources
28-May-2021 16:03:12.001 INFO [main] org.apache.catalina.startup.VersionLoggerListener.log Command line argument: -Dignore.endorsed.dirs=
28-May-2021 16:03:12.002 INFO [main] org.apache.catalina.startup.VersionLoggerListener.log Command line argument: -Dcatalina.base=E:\GIC I4 s2\Software_Engineering\midterm\apache-tomcat-10.0.6
28-May-2021 16:03:12.003 INFO [main] org.apache.catalina.startup.VersionLoggerListener.log Command line argument: -Dcatalina.home=E:\GIC I4 s2\Software_Engineering\midterm\apache-tomcat-10.0.6
28-May-2021 16:03:12.004 INFO [main] org.apache.catalina.startup.VersionLoggerListener.log Command line argument: -Djava.io.tmpdir=E:\GIC I4 s2\Software_Engineering\midterm\apache-tomcat-10.0.6\temp
28-May-2021 16:03:12.017 INFO [main] org.apache.catalina.core.AprLifecycleListener.lifecycleEvent Loaded Apache Tomcat Native library [1.2.28] using APR version [1.7.0].
28-May-2021 16:03:12.018 INFO [main] org.apache.catalina.core.AprLifecycleListener.lifecycleEvent APR capabilities: IPv6 [true], sendfile [true], accept filters [false], random [true], UDS [true].
28-May-2021 16:03:12.035 INFO [main] org.apache.catalina.core.AprLifecycleListener.initializeSSL OpenSSL successfully initialized [OpenSSL 1.1.1k  25 Mar 2021]
28-May-2021 16:03:12.837 INFO [main] org.apache.coyote.AbstractProtocol.init Initializing ProtocolHandler ["http-nio-8080"]
28-May-2021 16:03:12.925 INFO [main] org.apache.catalina.startup.Catalina.load Server initialization in [1432] milliseconds
28-May-2021 16:03:13.062 INFO [main] org.apache.catalina.core.StandardService.startInternal Starting service [Catalina]
28-May-2021 16:03:13.064 INFO [main] org.apache.catalina.core.StandardEngine.startInternal Starting Servlet engine: [Apache Tomcat/10.0.6]
28-May-2021 16:03:13.098 INFO [main] org.apache.catalina.startup.HostConfig.deployDirectory Deploying web application directory [E:\GIC I4 s2\Software_Engineering\midterm\apache-tomcat-10.0.6\webapps\docs]
28-May-2021 16:03:13.832 WARNING [main] org.apache.catalina.util.SessionIdGeneratorBase.createSecureRandom Creation of SecureRandom instance for session ID generation using [SHA1PRNG] took [125] milliseconds.
28-May-2021 16:03:13.865 INFO [main] org.apache.catalina.startup.HostConfig.deployDirectory Deployment of web application directory [E:\GIC I4 s2\Software_Engineering\midterm\apache-tomcat-10.0.6\webapps\docs] has finished in [767] ms
28-May-2021 16:03:13.866 INFO [main] org.apache.catalina.startup.HostConfig.deployDirectory Deploying web application directory [E:\GIC I4 s2\Software_Engineering\midterm\apache-tomcat-10.0.6\webapps\examples]
28-May-2021 16:03:14.761 INFO [main] org.apache.catalina.startup.HostConfig.deployDirectory Deployment of web application directory [E:\GIC I4 s2\Software_Engineering\midterm\apache-tomcat-10.0.6\webapps\examples] has finished in [894] ms
28-May-2021 16:03:14.761 INFO [main] org.apache.catalina.startup.HostConfig.deployDirectory Deploying web application directory [E:\GIC I4 s2\Software_Engineering\midterm\apache-tomcat-10.0.6\webapps\host-manager]
28-May-2021 16:03:14.869 INFO [main] org.apache.catalina.startup.HostConfig.deployDirectory Deployment of web application directory [E:\GIC I4 s2\Software_Engineering\midterm\apache-tomcat-10.0.6\webapps\host-manager] has finished in [107] ms
28-May-2021 16:03:14.870 INFO [main] org.apache.catalina.startup.HostConfig.deployDirectory Deploying web application directory [E:\GIC I4 s2\Software_Engineering\midterm\apache-tomcat-10.0.6\webapps\manager]
28-May-2021 16:03:14.974 INFO [main] org.apache.catalina.startup.HostConfig.deployDirectory Deployment of web application directory [E:\GIC I4 s2\Software_Engineering\midterm\apache-tomcat-10.0.6\webapps\manager] has finished in [103] ms
28-May-2021 16:03:14.977 INFO [main] org.apache.catalina.startup.HostConfig.deployDirectory Deploying web application directory [E:\GIC I4 s2\Software_Engineering\midterm\apache-tomcat-10.0.6\webapps\ROOT]
28-May-2021 16:03:15.059 INFO [main] org.apache.catalina.startup.HostConfig.deployDirectory Deployment of web application directory [E:\GIC I4 s2\Software_Engineering\midterm\apache-tomcat-10.0.6\webapps\ROOT] has finished in [82] ms
28-May-2021 16:03:15.062 INFO [main] org.apache.catalina.startup.HostConfig.deployDirectory Deploying web application directory [E:\GIC I4 s2\Software_Engineering\midterm\apache-tomcat-10.0.6\webapps\web]
28-May-2021 16:03:15.134 INFO [main] org.apache.catalina.startup.HostConfig.deployDirectory Deployment of web application directory [E:\GIC I4 s2\Software_Engineering\midterm\apache-tomcat-10.0.6\webapps\web] has finished in [73] ms
28-May-2021 16:03:15.141 INFO [main] org.apache.coyote.AbstractProtocol.start Starting ProtocolHandler ["http-nio-8080"]
28-May-2021 16:03:15.321 INFO [main] org.apache.catalina.startup.Catalina.start Server startup in [2392] milliseconds
